BlueinnoBeacon/app/build/outputs/logs/manifest-merger-debug-report.txt
-- Merging decision tree log ---
manifest
ADDED from src\main\AndroidManifest.xml:2:1-31:12
	package
		ADDED from src\main\AndroidManifest.xml:3:5-48
		INJECTED from src\main\AndroidManifest.xml
		INJECTED from src\main\AndroidManifest.xml
	android:versionName
		INJECTED from src\main\AndroidManifest.xml
		INJECTED from src\main\AndroidManifest.xml
	xmlns:android
		ADDED from src\main\AndroidManifest.xml:2:11-69
	android:versionCode
		INJECTED from src\main\AndroidManifest.xml
		INJECTED from src\main\AndroidManifest.xml
application
ADDED from src\main\AndroidManifest.xml:6:5-22:19
MERGED from [com.android.support:appcompat-v7:23.2.1] AndroidManifest.xml:25:5-20
MERGED from [com.android.support:support-v4:23.2.1] AndroidManifest.xml:22:5-20
MERGED from [com.android.support:animated-vector-drawable:23.2.1] AndroidManifest.xml:7:5-20
MERGED from [com.android.support:support-vector-drawable:23.2.1] AndroidManifest.xml:7:5-20
MERGED from [com.android.support:support-v4:23.2.1] AndroidManifest.xml:22:5-20
MERGED from [com.android.support:support-vector-drawable:23.2.1] AndroidManifest.xml:7:5-20
MERGED from [com.android.support:support-v4:23.2.1] AndroidManifest.xml:22:5-20
MERGED from [org.altbeacon:android-beacon-library:2.8.1] AndroidManifest.xml:17:5-36:19
	android:label
		ADDED from src\main\AndroidManifest.xml:9:9-41
	android:supportsRtl
		ADDED from src\main\AndroidManifest.xml:10:9-35
	android:allowBackup
		ADDED from src\main\AndroidManifest.xml:7:9-35
	android:icon
		ADDED from src\main\AndroidManifest.xml:8:9-43
	android:theme
		ADDED from src\main\AndroidManifest.xml:11:9-40
activity#com.example.nelicia.myapplication.MainActivity
ADDED from src\main\AndroidManifest.xml:12:9-18:20
	android:name
		ADDED from src\main\AndroidManifest.xml:12:19-47
intent-filter#android.intent.action.MAIN+android.intent.category.LAUNCHER
ADDED from src\main\AndroidManifest.xml:13:13-17:29
action#android.intent.action.MAIN
ADDED from src\main\AndroidManifest.xml:14:17-69
	android:name
		ADDED from src\main\AndroidManifest.xml:14:25-66
category#android.intent.category.LAUNCHER
ADDED from src\main\AndroidManifest.xml:16:17-77
	android:name
		ADDED from src\main\AndroidManifest.xml:16:27-74
activity#com.example.nelicia.myapplication.Main2Activity
ADDED from src\main\AndroidManifest.xml:19:9-51
	android:name
		ADDED from src\main\AndroidManifest.xml:19:19-48
activity#com.example.nelicia.myapplication.GraphActivity
ADDED from src\main\AndroidManifest.xml:20:9-51
	android:name
		ADDED from src\main\AndroidManifest.xml:20:19-48
activity#com.example.nelicia.myapplication.EmoticonActivity
ADDED from src\main\AndroidManifest.xml:21:9-63
	android:name
		ADDED from src\main\AndroidManifest.xml:21:19-51
uses-permission#android.permission.BLUETOOTH
ADDED from src\main\AndroidManifest.xml:23:5-67
MERGED from [org.altbeacon:android-beacon-library:2.8.1] AndroidManifest.xml:11:5-68
	android:name
		ADDED from src\main\AndroidManifest.xml:23:22-65
uses-permission#android.permission.BLUETOOTH_ADMIN
ADDED from src\main\AndroidManifest.xml:24:5-73
MERGED from [org.altbeacon:android-beacon-library:2.8.1] AndroidManifest.xml:12:5-74
	android:name
		ADDED from src\main\AndroidManifest.xml:24:22-71
uses-permission#android.permission.ACCESS_FINE_LOCATION
ADDED from src\main\AndroidManifest.xml:25:5-79
	android:name
		ADDED from src\main\AndroidManifest.xml:25:22-76
uses-permission#android.permission.ACCESS_COARSE_LOCATION
ADDED from src\main\AndroidManifest.xml:26:5-80
	android:name
		ADDED from src\main\AndroidManifest.xml:26:22-78
uses-permission#android.permission.INTERNET
ADDED from src\main\AndroidManifest.xml:27:5-66
	android:name
		ADDED from src\main\AndroidManifest.xml:27:22-64
uses-permission#android.permission.WRITE_EXTERNAL_STORAGE
ADDED from src\main\AndroidManifest.xml:28:5-80
	android:name
		ADDED from src\main\AndroidManifest.xml:28:22-78
uses-permission#android.permission.READ_EXTERNAL_STORAGE
ADDED from src\main\AndroidManifest.xml:29:5-79
	android:name
		ADDED from src\main\AndroidManifest.xml:29:22-77
uses-sdk
INJECTED from src\main\AndroidManifest.xml reason: use-sdk injection requested
MERGED from [com.android.support:appcompat-v7:23.2.1] AndroidManifest.xml:21:5-23:78
MERGED from [com.android.support:support-v4:23.2.1] AndroidManifest.xml:20:5-43
MERGED from [com.android.support:animated-vector-drawable:23.2.1] AndroidManifest.xml:5:5-44
MERGED from [com.android.support:support-vector-drawable:23.2.1] AndroidManifest.xml:5:5-43
MERGED from [com.android.support:support-v4:23.2.1] AndroidManifest.xml:20:5-43
MERGED from [com.android.support:support-vector-drawable:23.2.1] AndroidManifest.xml:5:5-43
MERGED from [com.android.support:support-v4:23.2.1] AndroidManifest.xml:20:5-43
MERGED from [org.altbeacon:android-beacon-library:2.8.1] AndroidManifest.xml:7:5-9:41
	tools:overrideLibrary
		ADDED from [com.android.support:appcompat-v7:23.2.1] AndroidManifest.xml:23:9-75
	android:targetSdkVersion
		INJECTED from src\main\AndroidManifest.xml
		INJECTED from src\main\AndroidManifest.xml
	android:minSdkVersion
		INJECTED from src\main\AndroidManifest.xml
		INJECTED from src\main\AndroidManifest.xml
uses-permission#android.permission.RECEIVE_BOOT_COMPLETED
ADDED from [org.altbeacon:android-beacon-library:2.8.1] AndroidManifest.xml:13:5-81
	android:name
		ADDED from [org.altbeacon:android-beacon-library:2.8.1] AndroidManifest.xml:13:22-78
uses-permission-sdk-23
ADDED from [org.altbeacon:android-beacon-library:2.8.1] AndroidManifest.xml:15:5-88
	android:name
		ADDED from [org.altbeacon:android-beacon-library:2.8.1] AndroidManifest.xml:15:29-85
receiver#org.altbeacon.beacon.startup.StartupBroadcastReceiver
ADDED from [org.altbeacon:android-beacon-library:2.8.1] AndroidManifest.xml:18:9-24:20
	android:name
		ADDED from [org.altbeacon:android-beacon-library:2.8.1] AndroidManifest.xml:18:19-87
intent-filter#android.intent.action.ACTION_POWER_CONNECTED+android.intent.action.ACTION_POWER_DISCONNECTED+android.intent.action.BOOT_COMPLETED
ADDED from [org.altbeacon:android-beacon-library:2.8.1] AndroidManifest.xml:19:13-23:29
action#android.intent.action.BOOT_COMPLETED
ADDED from [org.altbeacon:android-beacon-library:2.8.1] AndroidManifest.xml:20:17-79
	android:name
		ADDED from [org.altbeacon:android-beacon-library:2.8.1] AndroidManifest.xml:20:25-76
action#android.intent.action.ACTION_POWER_CONNECTED
ADDED from [org.altbeacon:android-beacon-library:2.8.1] AndroidManifest.xml:21:17-87
	android:name
		ADDED from [org.altbeacon:android-beacon-library:2.8.1] AndroidManifest.xml:21:25-84
action#android.intent.action.ACTION_POWER_DISCONNECTED
ADDED from [org.altbeacon:android-beacon-library:2.8.1] AndroidManifest.xml:22:17-90
	android:name
		ADDED from [org.altbeacon:android-beacon-library:2.8.1] AndroidManifest.xml:22:25-87
service#org.altbeacon.beacon.service.BeaconService
ADDED from [org.altbeacon:android-beacon-library:2.8.1] AndroidManifest.xml:26:9-31:38
	android:enabled
		ADDED from [org.altbeacon:android-beacon-library:2.8.1] AndroidManifest.xml:28:13-35
	android:label
		ADDED from [org.altbeacon:android-beacon-library:2.8.1] AndroidManifest.xml:31:13-35
	android:exported
		ADDED from [org.altbeacon:android-beacon-library:2.8.1] AndroidManifest.xml:29:13-37
	android:isolatedProcess
		ADDED from [org.altbeacon:android-beacon-library:2.8.1] AndroidManifest.xml:30:13-44
	android:name
		ADDED from [org.altbeacon:android-beacon-library:2.8.1] AndroidManifest.xml:27:13-70
service#org.altbeacon.beacon.BeaconIntentProcessor
ADDED from [org.altbeacon:android-beacon-library:2.8.1] AndroidManifest.xml:32:9-35:40
	android:enabled
		ADDED from [org.altbeacon:android-beacon-library:2.8.1] AndroidManifest.xml:34:13-35
	android:exported
		ADDED from [org.altbeacon:android-beacon-library:2.8.1] AndroidManifest.xml:35:13-37
	android:name
		ADDED from [org.altbeacon:android-beacon-library:2.8.1] AndroidManifest.xml:33:13-70